Traceback (most recent call last):
  File "/lustre/fs4/cao_lab/scratch/aepstein/miniforge3/envs/main_pipeline/lib/python3.9/site-packages/pandas/core/indexes/base.py", line 3803, in get_loc
    return self._engine.get_loc(casted_key)
  File "pandas/_libs/index.pyx", line 138, in pandas._libs.index.IndexEngine.get_loc
  File "pandas/_libs/index.pyx", line 165, in pandas._libs.index.IndexEngine.get_loc
  File "pandas/_libs/hashtable_class_helper.pxi", line 5745, in pandas._libs.hashtable.PyObjectHashTable.get_item
  File "pandas/_libs/hashtable_class_helper.pxi", line 5753, in pandas._libs.hashtable.PyObjectHashTable.get_item
KeyError: 'Next commands'

The above exception was the direct cause of the following exception:

Traceback (most recent call last):
  File "/ru-auth/local/home/aepstein/cursor_projects/combindexer/combindexer/readBarcoding_single.py", line 649, in <module>
    fire.Fire(barcodeReads)
  File "/lustre/fs4/cao_lab/scratch/aepstein/miniforge3/envs/main_pipeline/lib/python3.9/site-packages/fire/core.py", line 141, in Fire
    component_trace = _Fire(component, args, parsed_flag_args, context, name)
  File "/lustre/fs4/cao_lab/scratch/aepstein/miniforge3/envs/main_pipeline/lib/python3.9/site-packages/fire/core.py", line 475, in _Fire
    component, remaining_args = _CallAndUpdateTrace(
  File "/lustre/fs4/cao_lab/scratch/aepstein/miniforge3/envs/main_pipeline/lib/python3.9/site-packages/fire/core.py", line 691, in _CallAndUpdateTrace
    component = fn(*varargs, **kwargs)
  File "/ru-auth/local/home/aepstein/cursor_projects/combindexer/combindexer/readBarcoding_single.py", line 564, in barcodeReads
    bar_pos_dict = makeBarDict(barcode_folder, debug_mode)                                                          
  File "/ru-auth/local/home/aepstein/cursor_projects/combindexer/combindexer/readBarcoding_single.py", line 490, in makeBarDict
    next_commands = row['Next commands'].split(';') if row['Next commands'] else []
  File "/lustre/fs4/cao_lab/scratch/aepstein/miniforge3/envs/main_pipeline/lib/python3.9/site-packages/pandas/core/series.py", line 981, in __getitem__
    return self._get_value(key)
  File "/lustre/fs4/cao_lab/scratch/aepstein/miniforge3/envs/main_pipeline/lib/python3.9/site-packages/pandas/core/series.py", line 1089, in _get_value
    loc = self.index.get_loc(label)
  File "/lustre/fs4/cao_lab/scratch/aepstein/miniforge3/envs/main_pipeline/lib/python3.9/site-packages/pandas/core/indexes/base.py", line 3805, in get_loc
    raise KeyError(key) from err
KeyError: 'Next commands'
