Nov-25 00:50:11.321 [main] DEBUG nextflow.cli.Launcher - $> nextflow run /lustre/fs4/cao_lab/store/aepstein/cursor_projects/combindexer/example/main.nf -params-file params.json
Nov-25 00:50:11.408 [main] DEBUG nextflow.cli.CmdRun - N E X T F L O W  ~  version 25.10.0
Nov-25 00:50:11.515 [main] DEBUG nextflow.plugin.PluginsFacade - Setting up plugin manager > mode=prod; embedded=false; plugins-dir=/ru-auth/local/home/aepstein/.nextflow/plugins; core-plugins: nf-amazon@3.4.1,nf-azure@1.20.2,nf-cloudcache@0.5.0,nf-codecommit@0.5.0,nf-console@1.3.0,nf-google@1.23.3,nf-k8s@1.2.2,nf-tower@1.17.1,nf-wave@1.16.1
Nov-25 00:50:11.536 [main] INFO  o.pf4j.DefaultPluginStatusProvider - Enabled plugins: []
Nov-25 00:50:11.537 [main] INFO  o.pf4j.DefaultPluginStatusProvider - Disabled plugins: []
Nov-25 00:50:11.540 [main] INFO  org.pf4j.DefaultPluginManager - PF4J version 3.12.0 in 'deployment' mode
Nov-25 00:50:11.553 [main] DEBUG nextflow.util.RetryConfig - Missing nextflow session - using default retry config
Nov-25 00:50:11.664 [main] INFO  org.pf4j.AbstractPluginManager - No plugins
Nov-25 00:50:11.665 [main] DEBUG nextflow.plugin.PluginsFacade - Plugins default=[]
Nov-25 00:50:11.666 [main] DEBUG nextflow.plugin.PluginsFacade - Plugins resolved requirement=[nf-tower@1.17.1]
Nov-25 00:50:12.032 [main] DEBUG n.plugin.HttpPluginRepository - Registry request: https://registry.nextflow.io/api/v1/plugins/dependencies?plugins=nf-tower%401.17.1&nextflowVersion=25.10.0
- code: 200
- body: {"plugins":[{"id":"nf-tower","downloadCount":2528,"downloadGhCount":287317,"releases":[{"version":"1.17.1","url":"https://registry.nextflow.io/api/v1/plugins/nf-tower/1.17.1/download/nf-tower-1.17.1.zip","date":"2025-10-22T16:29:07.294264Z","sha512sum":"5412d1f36935718db40db10daaba80255a14794d6ec4c00e0634422907159e1fe42ef120f05164f9b560f4b55977913fa698979a38d6f609322e4916ddd6859e","requires":">=25.09.2-edge","dependsOn":[],"downloadCount":2432,"downloadGhCount":0,"status":"PUBLISHED","spec":null}],"projectUrl":"https://github.com/nextflow-io/nf-tower","provider":"nextflow-io","description":null}]}
Nov-25 00:50:12.066 [main] DEBUG nextflow.plugin.PluginUpdater - Installing plugin nf-tower version: 1.17.1
Nov-25 00:50:12.076 [main] INFO  org.pf4j.AbstractPluginManager - Plugin 'nf-tower@1.17.1' resolved
Nov-25 00:50:12.076 [main] INFO  org.pf4j.AbstractPluginManager - Start plugin 'nf-tower@1.17.1'
Nov-25 00:50:12.088 [main] DEBUG nextflow.plugin.BasePlugin - Plugin started nf-tower@1.17.1
Nov-25 00:50:12.106 [main] DEBUG n.secret.LocalSecretsProvider - Secrets store: /ru-auth/local/home/aepstein/.nextflow/secrets/store.json
Nov-25 00:50:12.115 [main] DEBUG nextflow.secret.SecretsLoader - Discovered secrets providers: [nextflow.secret.LocalSecretsProvider@58496c97] - activable => nextflow.secret.LocalSecretsProvider@58496c97
Nov-25 00:50:12.116 [main] DEBUG nextflow.cli.CmdRun - Applied DSL=2 by global default
Nov-25 00:50:12.130 [main] DEBUG nextflow.cli.CmdRun - Launching `/lustre/fs4/cao_lab/store/aepstein/cursor_projects/combindexer/example/main.nf` [trusting_solvay] DSL2 - revision: c71b4a7897
Nov-25 00:50:12.180 [main] DEBUG nextflow.Session - Session UUID: 5ac1acbb-6683-4520-80a7-2a903df2c367
Nov-25 00:50:12.181 [main] DEBUG nextflow.Session - Run name: trusting_solvay
Nov-25 00:50:12.181 [main] DEBUG nextflow.Session - Executor pool size: 16
Nov-25 00:50:12.189 [main] DEBUG nextflow.file.FilePorter - File porter settings maxRetries=3; maxTransfers=50; pollTimeout=null
Nov-25 00:50:12.195 [main] DEBUG nextflow.util.ThreadPoolBuilder - Creating thread pool 'FileTransfer' minSize=10; maxSize=48; workQueue=LinkedBlockingQueue[-1]; allowCoreThreadTimeout=false
Nov-25 00:50:12.212 [main] DEBUG nextflow.cli.CmdRun - 
  Version: 25.10.0 build 10289
  Created: 22-10-2025 16:26 UTC (12:26 EDT)
  System: Linux 5.14.0-362.8.1.el9_3.x86_64
  Runtime: Groovy 4.0.28 on OpenJDK 64-Bit Server VM 17.0.3-internal+0-adhoc..src
  Encoding: UTF-8 (UTF-8)
  Process: 2880193@node176.hpc.rockefeller.internal [172.31.5.96]
  CPUs: 16 - Mem: 754 GB (690.2 GB) - Swap: 9.7 GB (9.7 GB)
Nov-25 00:50:12.233 [main] DEBUG nextflow.Session - Work-dir: /lustre/fs4/cao_lab/store/aepstein/cursor_projects/combindexer/example/work [lustre]
Nov-25 00:50:12.233 [main] DEBUG nextflow.Session - Script base path does not exist or is not a directory: /lustre/fs4/cao_lab/store/aepstein/cursor_projects/combindexer/example/bin
Nov-25 00:50:12.242 [main] DEBUG nextflow.executor.ExecutorFactory - Extension executors providers=[]
Nov-25 00:50:12.254 [main] DEBUG nextflow.Session - Observer factory (v2): LinObserverFactory
Nov-25 00:50:12.257 [main] DEBUG nextflow.Session - Observer factory (v2): DefaultObserverFactory
Nov-25 00:50:12.265 [main] DEBUG nextflow.Session - Observer factory (v2): TowerFactory
Nov-25 00:50:12.304 [main] DEBUG nextflow.cache.CacheFactory - Using Nextflow cache factory: nextflow.cache.DefaultCacheFactory
Nov-25 00:50:12.312 [main] DEBUG nextflow.util.CustomThreadPool - Creating default thread pool > poolSize: 17; maxThreads: 1000
Nov-25 00:50:12.373 [main] DEBUG nextflow.Session - Session start
Nov-25 00:50:12.833 [main] DEBUG nextflow.script.ScriptRunner - > Launching execution
Nov-25 00:50:13.159 [main] DEBUG nextflow.executor.ExecutorFactory - << taskConfig executor: null
Nov-25 00:50:13.160 [main] DEBUG nextflow.executor.ExecutorFactory - >> processorType: 'local'
Nov-25 00:50:13.169 [main] DEBUG nextflow.executor.Executor - [warm up] executor > local
Nov-25 00:50:13.175 [main] DEBUG n.processor.LocalPollingMonitor - Creating local task monitor for executor 'local' > cpus=16; memory=754 GB; capacity=16; pollInterval=100ms; dumpInterval=5m
Nov-25 00:50:13.178 [main] DEBUG n.processor.TaskPollingMonitor - >>> barrier register (monitor: local)
Nov-25 00:50:13.211 [main] DEBUG nextflow.processor.TaskProcessor - Creating process 'BARCODE_READS_GEX': maxForks=0; fair=false; array=0
Nov-25 00:50:13.246 [main] DEBUG nextflow.executor.ExecutorFactory - << taskConfig executor: null
Nov-25 00:50:13.246 [main] DEBUG nextflow.executor.ExecutorFactory - >> processorType: 'local'
Nov-25 00:50:13.247 [main] DEBUG nextflow.processor.TaskProcessor - Creating process 'BARCODE_READS_TARG': maxForks=0; fair=false; array=0
Nov-25 00:50:13.258 [main] DEBUG nextflow.Session - Workflow process names [dsl2]: BARCODE_READS_TARG, CREATE_ADATAS, MERGE_ADATAS, BARCODE_READS, BARCODE_READS_GEX, ALIGN_READS
Nov-25 00:50:13.260 [main] DEBUG nextflow.Session - Igniting dataflow network (7)
Nov-25 00:50:13.266 [main] DEBUG nextflow.processor.TaskProcessor - Starting process > BARCODE_READS_GEX
Nov-25 00:50:13.267 [main] DEBUG nextflow.processor.TaskProcessor - Starting process > BARCODE_READS_TARG
Nov-25 00:50:13.268 [main] DEBUG nextflow.script.ScriptRunner - Parsed script files:
  Script_e20033a10daf37d3: /lustre/fs4/cao_lab/store/aepstein/cursor_projects/combindexer/example/main.nf
  Script_45af3814c6ef14d3: /lustre/fs4/cao_lab/store/aepstein/cursor_projects/combindexer/example/modules.nf
Nov-25 00:50:13.268 [main] DEBUG nextflow.script.ScriptRunner - > Awaiting termination 
Nov-25 00:50:13.268 [main] DEBUG nextflow.Session - Session await
Nov-25 00:50:13.426 [Task submitter] DEBUG n.executor.local.LocalTaskHandler - Launch cmd line: /bin/bash -ue .command.run
Nov-25 00:50:13.428 [Task submitter] INFO  nextflow.Session - [3a/0c8652] Submitted process > BARCODE_READS_GEX (GEX_A1)
Nov-25 00:50:13.440 [Task submitter] DEBUG n.executor.local.LocalTaskHandler - Launch cmd line: /bin/bash -ue .command.run
Nov-25 00:50:13.441 [Task submitter] INFO  nextflow.Session - [b7/a0d1cb] Submitted process > BARCODE_READS_TARG (Targeted_A1)
Nov-25 00:50:50.460 [Task monitor] DEBUG n.processor.TaskPollingMonitor - Task completed > TaskHandler[id: 2; name: BARCODE_READS_TARG (Targeted_A1); status: COMPLETED; exit: 1; error: -; workDir: /lustre/fs4/cao_lab/store/aepstein/cursor_projects/combindexer/example/work/b7/a0d1cb518b9e004625cbdf5cdf365c]
Nov-25 00:50:50.461 [Task monitor] DEBUG nextflow.util.ThreadPoolBuilder - Creating thread pool 'TaskFinalizer' minSize=10; maxSize=48; workQueue=LinkedBlockingQueue[-1]; allowCoreThreadTimeout=false
Nov-25 00:50:50.470 [TaskFinalizer-1] DEBUG nextflow.processor.TaskProcessor - Handling unexpected condition for
  task: name=BARCODE_READS_TARG (Targeted_A1); work-dir=/lustre/fs4/cao_lab/store/aepstein/cursor_projects/combindexer/example/work/b7/a0d1cb518b9e004625cbdf5cdf365c
  error [nextflow.exception.ProcessFailedException]: Process `BARCODE_READS_TARG (Targeted_A1)` terminated with an error exit status (1)
Nov-25 00:50:50.487 [TaskFinalizer-1] ERROR nextflow.processor.TaskProcessor - Error executing process > 'BARCODE_READS_TARG (Targeted_A1)'

Caused by:
  Process `BARCODE_READS_TARG (Targeted_A1)` terminated with an error exit status (1)


Command executed:

  python /ru-auth/local/home/aepstein/cursor_projects/combindexer/combindexer/readBarcoding_single.py --sample "Targeted_A1"         --input_folder "fastq_files"         --output_folder "reads_barcoded"         --barcode_folder "barcodes"

Command exit status:
  1

Command output:
  (empty)

Command error:
  Traceback (most recent call last):
    File "/lustre/fs4/cao_lab/scratch/aepstein/miniforge3/envs/main_pipeline/lib/python3.9/site-packages/pandas/core/indexes/base.py", line 3803, in get_loc
      return self._engine.get_loc(casted_key)
    File "pandas/_libs/index.pyx", line 138, in pandas._libs.index.IndexEngine.get_loc
    File "pandas/_libs/index.pyx", line 165, in pandas._libs.index.IndexEngine.get_loc
    File "pandas/_libs/hashtable_class_helper.pxi", line 5745, in pandas._libs.hashtable.PyObjectHashTable.get_item
    File "pandas/_libs/hashtable_class_helper.pxi", line 5753, in pandas._libs.hashtable.PyObjectHashTable.get_item
  KeyError: 'Next commands'
  
  The above exception was the direct cause of the following exception:
  
  Traceback (most recent call last):
    File "/ru-auth/local/home/aepstein/cursor_projects/combindexer/combindexer/readBarcoding_single.py", line 649, in <module>
      fire.Fire(barcodeReads)
    File "/lustre/fs4/cao_lab/scratch/aepstein/miniforge3/envs/main_pipeline/lib/python3.9/site-packages/fire/core.py", line 141, in Fire
      component_trace = _Fire(component, args, parsed_flag_args, context, name)
    File "/lustre/fs4/cao_lab/scratch/aepstein/miniforge3/envs/main_pipeline/lib/python3.9/site-packages/fire/core.py", line 475, in _Fire
      component, remaining_args = _CallAndUpdateTrace(
    File "/lustre/fs4/cao_lab/scratch/aepstein/miniforge3/envs/main_pipeline/lib/python3.9/site-packages/fire/core.py", line 691, in _CallAndUpdateTrace
      component = fn(*varargs, **kwargs)
    File "/ru-auth/local/home/aepstein/cursor_projects/combindexer/combindexer/readBarcoding_single.py", line 564, in barcodeReads
      bar_pos_dict = makeBarDict(barcode_folder, debug_mode)                                                          
    File "/ru-auth/local/home/aepstein/cursor_projects/combindexer/combindexer/readBarcoding_single.py", line 490, in makeBarDict
      next_commands = row['Next commands'].split(';') if row['Next commands'] else []
    File "/lustre/fs4/cao_lab/scratch/aepstein/miniforge3/envs/main_pipeline/lib/python3.9/site-packages/pandas/core/series.py", line 981, in __getitem__
      return self._get_value(key)
    File "/lustre/fs4/cao_lab/scratch/aepstein/miniforge3/envs/main_pipeline/lib/python3.9/site-packages/pandas/core/series.py", line 1089, in _get_value
      loc = self.index.get_loc(label)
    File "/lustre/fs4/cao_lab/scratch/aepstein/miniforge3/envs/main_pipeline/lib/python3.9/site-packages/pandas/core/indexes/base.py", line 3805, in get_loc
      raise KeyError(key) from err
  KeyError: 'Next commands'

Work dir:
  /lustre/fs4/cao_lab/store/aepstein/cursor_projects/combindexer/example/work/b7/a0d1cb518b9e004625cbdf5cdf365c

Tip: you can try to figure out what's wrong by changing to the process work dir and showing the script file named `.command.sh`
Nov-25 00:50:50.493 [TaskFinalizer-1] DEBUG nextflow.Session - Session aborted -- Cause: Process `BARCODE_READS_TARG (Targeted_A1)` terminated with an error exit status (1)
Nov-25 00:50:50.509 [TaskFinalizer-1] WARN  n.processor.TaskPollingMonitor - Killing running tasks (1)
Nov-25 00:50:50.516 [TaskFinalizer-1] DEBUG n.executor.local.LocalTaskHandler - Unable to kill BARCODE_READS_GEX (GEX_A1) -- command: kill -TERM 2880327; exit: 1 
 bash: line 1: kill: (2880327) - No such process

Nov-25 00:50:50.521 [TaskFinalizer-1] DEBUG n.trace.WorkflowStatsObserver - Workflow completed > WorkflowStats[succeededCount=0; failedCount=1; ignoredCount=0; cachedCount=0; pendingCount=0; submittedCount=0; runningCount=0; retriesCount=0; abortedCount=1; succeedDuration=0ms; failedDuration=37s; cachedDuration=0ms;loadCpus=0; loadMemory=0; peakRunning=2; peakCpus=2; peakMemory=0; ]
Nov-25 00:50:50.538 [Task monitor] DEBUG n.processor.TaskPollingMonitor - <<< barrier arrives (monitor: local) - terminating tasks monitor poll loop
Nov-25 00:50:50.701 [main] DEBUG nextflow.Session - Session await > all processes finished
Nov-25 00:50:50.701 [main] DEBUG nextflow.Session - Session await > all barriers passed
Nov-25 00:50:50.703 [main] DEBUG n.trace.WorkflowStatsObserver - Workflow completed > WorkflowStats[succeededCount=0; failedCount=1; ignoredCount=0; cachedCount=0; pendingCount=0; submittedCount=0; runningCount=0; retriesCount=0; abortedCount=1; succeedDuration=0ms; failedDuration=37s; cachedDuration=0ms;loadCpus=0; loadMemory=0; peakRunning=2; peakCpus=2; peakMemory=0; ]
Nov-25 00:50:50.708 [main] DEBUG nextflow.cache.CacheDB - Closing CacheDB done
Nov-25 00:50:50.719 [main] INFO  org.pf4j.AbstractPluginManager - Stop plugin 'nf-tower@1.17.1'
Nov-25 00:50:50.719 [main] DEBUG nextflow.plugin.BasePlugin - Plugin stopped nf-tower
Nov-25 00:50:50.721 [main] DEBUG nextflow.script.ScriptRunner - > Execution complete -- Goodbye
