Nov-24 21:59:11.507 [main] DEBUG nextflow.cli.Launcher - $> nextflow run /lustre/fs4/cao_lab/store/aepstein/cursor_projects/combindexer/example/main.nf
Nov-24 21:59:11.667 [main] DEBUG nextflow.cli.CmdRun - N E X T F L O W  ~  version 25.10.0
Nov-24 21:59:11.943 [main] DEBUG nextflow.plugin.PluginsFacade - Setting up plugin manager > mode=prod; embedded=false; plugins-dir=/ru-auth/local/home/aepstein/.nextflow/plugins; core-plugins: nf-amazon@3.4.1,nf-azure@1.20.2,nf-cloudcache@0.5.0,nf-codecommit@0.5.0,nf-console@1.3.0,nf-google@1.23.3,nf-k8s@1.2.2,nf-tower@1.17.1,nf-wave@1.16.1
Nov-24 21:59:11.964 [main] INFO  o.pf4j.DefaultPluginStatusProvider - Enabled plugins: []
Nov-24 21:59:11.965 [main] INFO  o.pf4j.DefaultPluginStatusProvider - Disabled plugins: []
Nov-24 21:59:11.968 [main] INFO  org.pf4j.DefaultPluginManager - PF4J version 3.12.0 in 'deployment' mode
Nov-24 21:59:11.998 [main] DEBUG nextflow.util.RetryConfig - Missing nextflow session - using default retry config
Nov-24 21:59:12.495 [main] INFO  org.pf4j.AbstractPluginManager - No plugins
Nov-24 21:59:12.497 [main] DEBUG nextflow.plugin.PluginsFacade - Plugins default=[]
Nov-24 21:59:12.498 [main] DEBUG nextflow.plugin.PluginsFacade - Plugins resolved requirement=[nf-tower@1.17.1]
Nov-24 21:59:13.205 [main] DEBUG n.plugin.HttpPluginRepository - Registry request: https://registry.nextflow.io/api/v1/plugins/dependencies?plugins=nf-tower%401.17.1&nextflowVersion=25.10.0
- code: 200
- body: {"plugins":[{"id":"nf-tower","downloadCount":2523,"downloadGhCount":287115,"releases":[{"version":"1.17.1","url":"https://registry.nextflow.io/api/v1/plugins/nf-tower/1.17.1/download/nf-tower-1.17.1.zip","date":"2025-10-22T16:29:07.294264Z","sha512sum":"5412d1f36935718db40db10daaba80255a14794d6ec4c00e0634422907159e1fe42ef120f05164f9b560f4b55977913fa698979a38d6f609322e4916ddd6859e","requires":">=25.09.2-edge","dependsOn":[],"downloadCount":2427,"downloadGhCount":0,"status":"PUBLISHED","spec":null}],"projectUrl":"https://github.com/nextflow-io/nf-tower","provider":"nextflow-io","description":null}]}
Nov-24 21:59:13.259 [main] DEBUG nextflow.plugin.PluginUpdater - Installing plugin nf-tower version: 1.17.1
Nov-24 21:59:13.272 [main] INFO  org.pf4j.AbstractPluginManager - Plugin 'nf-tower@1.17.1' resolved
Nov-24 21:59:13.272 [main] INFO  org.pf4j.AbstractPluginManager - Start plugin 'nf-tower@1.17.1'
Nov-24 21:59:13.295 [main] DEBUG nextflow.plugin.BasePlugin - Plugin started nf-tower@1.17.1
Nov-24 21:59:13.319 [main] DEBUG n.secret.LocalSecretsProvider - Secrets store: /ru-auth/local/home/aepstein/.nextflow/secrets/store.json
Nov-24 21:59:13.328 [main] DEBUG nextflow.secret.SecretsLoader - Discovered secrets providers: [nextflow.secret.LocalSecretsProvider@173797f0] - activable => nextflow.secret.LocalSecretsProvider@173797f0
Nov-24 21:59:13.336 [main] DEBUG nextflow.cli.CmdRun - Applied DSL=2 by global default
Nov-24 21:59:13.351 [main] DEBUG nextflow.cli.CmdRun - Launching `/lustre/fs4/cao_lab/store/aepstein/cursor_projects/combindexer/example/main.nf` [condescending_swartz] DSL2 - revision: e67fa625ef
Nov-24 21:59:13.403 [main] DEBUG nextflow.Session - Session UUID: 2bf7b68b-517c-4ece-866c-2d912842dbba
Nov-24 21:59:13.404 [main] DEBUG nextflow.Session - Run name: condescending_swartz
Nov-24 21:59:13.404 [main] DEBUG nextflow.Session - Executor pool size: 16
Nov-24 21:59:13.413 [main] DEBUG nextflow.file.FilePorter - File porter settings maxRetries=3; maxTransfers=50; pollTimeout=null
Nov-24 21:59:13.419 [main] DEBUG nextflow.util.ThreadPoolBuilder - Creating thread pool 'FileTransfer' minSize=10; maxSize=48; workQueue=LinkedBlockingQueue[-1]; allowCoreThreadTimeout=false
Nov-24 21:59:13.744 [main] DEBUG nextflow.cli.CmdRun - 
  Version: 25.10.0 build 10289
  Created: 22-10-2025 16:26 UTC (12:26 EDT)
  System: Linux 5.14.0-362.8.1.el9_3.x86_64
  Runtime: Groovy 4.0.28 on OpenJDK 64-Bit Server VM 17.0.3-internal+0-adhoc..src
  Encoding: UTF-8 (UTF-8)
  Process: 2865158@node176.hpc.rockefeller.internal [172.31.5.96]
  CPUs: 16 - Mem: 754 GB (691.6 GB) - Swap: 9.7 GB (9.7 GB)
Nov-24 21:59:13.778 [main] DEBUG nextflow.Session - Work-dir: /lustre/fs4/cao_lab/store/aepstein/cursor_projects/combindexer/example/work [lustre]
Nov-24 21:59:13.778 [main] DEBUG nextflow.Session - Script base path does not exist or is not a directory: /lustre/fs4/cao_lab/store/aepstein/cursor_projects/combindexer/example/bin
Nov-24 21:59:13.786 [main] DEBUG nextflow.executor.ExecutorFactory - Extension executors providers=[]
Nov-24 21:59:13.799 [main] DEBUG nextflow.Session - Observer factory (v2): LinObserverFactory
Nov-24 21:59:13.802 [main] DEBUG nextflow.Session - Observer factory (v2): DefaultObserverFactory
Nov-24 21:59:13.810 [main] DEBUG nextflow.Session - Observer factory (v2): TowerFactory
Nov-24 21:59:13.847 [main] DEBUG nextflow.cache.CacheFactory - Using Nextflow cache factory: nextflow.cache.DefaultCacheFactory
Nov-24 21:59:13.855 [main] DEBUG nextflow.util.CustomThreadPool - Creating default thread pool > poolSize: 17; maxThreads: 1000
Nov-24 21:59:13.950 [main] DEBUG nextflow.Session - Session start
Nov-24 21:59:14.271 [main] DEBUG nextflow.script.ScriptRunner - Parsed script files:
Nov-24 21:59:14.285 [main] DEBUG n.trace.WorkflowStatsObserver - Workflow completed > WorkflowStats[succeededCount=0; failedCount=0; ignoredCount=0; cachedCount=0; pendingCount=0; submittedCount=0; runningCount=0; retriesCount=0; abortedCount=0; succeedDuration=0ms; failedDuration=0ms; cachedDuration=0ms;loadCpus=0; loadMemory=0; peakRunning=0; peakCpus=0; peakMemory=0; ]
Nov-24 21:59:14.361 [main] ERROR nextflow.cli.Launcher - Script compilation error
- file : /lustre/fs4/cao_lab/store/aepstein/cursor_projects/combindexer/example/main.nf
- cause: Invalid workflow publish statement @ line 103, column 5.
       barcode_reads_gex_ch
       ^

Script compilation error
- file : /lustre/fs4/cao_lab/store/aepstein/cursor_projects/combindexer/example/main.nf
- cause: Invalid workflow publish statement @ line 104, column 5.
       barcode_reads_targ_ch
       ^

2 errors

nextflow.exception.ScriptCompilationException: Script compilation error
- file : /lustre/fs4/cao_lab/store/aepstein/cursor_projects/combindexer/example/main.nf
- cause: Invalid workflow publish statement @ line 103, column 5.
       barcode_reads_gex_ch
       ^

Script compilation error
- file : /lustre/fs4/cao_lab/store/aepstein/cursor_projects/combindexer/example/main.nf
- cause: Invalid workflow publish statement @ line 104, column 5.
       barcode_reads_targ_ch
       ^

2 errors

	at nextflow.script.parser.v1.ScriptLoaderV1.parse0(ScriptLoaderV1.groovy:204)
	at nextflow.script.parser.v1.ScriptLoaderV1.parse(ScriptLoaderV1.groovy:215)
	at nextflow.script.parser.v1.ScriptLoaderV1.parse(ScriptLoaderV1.groovy)
	at nextflow.script.ScriptRunner.parseScript(ScriptRunner.groovy:232)
	at nextflow.script.ScriptRunner.execute(ScriptRunner.groovy:137)
	at nextflow.cli.CmdRun.run(CmdRun.groovy:428)
	at nextflow.cli.Launcher.run(Launcher.groovy:515)
	at nextflow.cli.Launcher.main(Launcher.groovy:675)
Caused by: org.codehaus.groovy.control.MultipleCompilationErrorsException: startup failed:
Script_d54271dda86cb48f: 103: Invalid workflow publish statement @ line 103, column 5.
       barcode_reads_gex_ch
       ^

Script_d54271dda86cb48f: 104: Invalid workflow publish statement @ line 104, column 5.
       barcode_reads_targ_ch
       ^

2 errors

	at org.codehaus.groovy.control.ErrorCollector.failIfErrors(ErrorCollector.java:292)
	at org.codehaus.groovy.control.CompilationUnit$IPrimaryClassNodeOperation.doPhaseOperation(CompilationUnit.java:948)
	at org.codehaus.groovy.control.CompilationUnit.processPhaseOperations(CompilationUnit.java:660)
	at org.codehaus.groovy.control.CompilationUnit.compile(CompilationUnit.java:634)
	at groovy.lang.GroovyClassLoader.doParseClass(GroovyClassLoader.java:365)
	at groovy.lang.GroovyClassLoader.lambda$parseClass$2(GroovyClassLoader.java:314)
	at org.codehaus.groovy.runtime.memoize.StampedCommonCache.compute(StampedCommonCache.java:163)
	at org.codehaus.groovy.runtime.memoize.StampedCommonCache.getAndPut(StampedCommonCache.java:154)
	at groovy.lang.GroovyClassLoader.parseClass(GroovyClassLoader.java:314)
	at groovy.lang.GroovyShell.parseClass(GroovyShell.java:572)
	at groovy.lang.GroovyShell.parse(GroovyShell.java:585)
	at groovy.lang.GroovyShell.parse(GroovyShell.java:639)
	at groovy.lang.GroovyShell.parse(GroovyShell.java:643)
	at nextflow.script.parser.v1.ScriptLoaderV1.parse0(ScriptLoaderV1.groovy:183)
	... 7 common frames omitted
